<?xml version="1.0" encoding="UTF-8"?>
<testsuite xmlns:xsi="http://www.w3.org/2001/XMLSchema-instance" xsi:noNamespaceSchemaLocation="https://maven.apache.org/surefire/maven-surefire-plugin/xsd/surefire-test-report-3.0.xsd" version="3.0" name="food.MenuOnlineApplicationTests" time="6.118" tests="1" errors="0" skipped="0" failures="0">
  <properties>
[...]
</properties>
  <testcase name="contextLoads" classname="food.MenuOnlineApplicationTests" time="0.011">
    <system-out><![CDATA[02:48:09.421 [main] INFO org.springframework.test.context.support.AnnotationConfigContextLoaderUtils -- Could not detect default configuration classes for test class [food.MenuOnlineApplicationTests]: MenuOnlineApplicationTests does not declare any static, non-private, non-final, nested classes annotated with @Configuration.
02:48:09.520 [main] INFO org.springframework.boot.test.context.SpringBootTestContextBootstrapper -- Found @SpringBootConfiguration food.FoodOnlineApplication for test class food.MenuOnlineApplicationTests
02:48:09.659 [main] INFO org.springframework.boot.devtools.restart.RestartApplicationListener -- Restart disabled due to context in which it is running

  .   ____          _            __ _ _
 /\\ / ___'_ __ _ _(_)_ __  __ _ \ \ \ \
( ( )\___ | '_ | '_| | '_ \/ _` | \ \ \ \
 \\/  ___)| |_)| | | | | || (_| |  ) ) ) )
  '  |____| .__|_| |_|_| |_\__, | / / / /
 =========|_|==============|___/=/_/_/_/
 :: Spring Boot ::                (v3.1.6)

2024-04-27T02:48:09.890-05:00  INFO 20788 --- [           main] food.MenuOnlineApplicationTests          : Starting MenuOnlineApplicationTests using Java 20.0.1 with PID 20788 (started by mosenithheang in /Users/mosenithheang/Documents/Maharish University/Applied Software Development/final/Food-Application)
2024-04-27T02:48:09.891-05:00  INFO 20788 --- [           main] food.MenuOnlineApplicationTests          : No active profile set, falling back to 1 default profile: "default"
2024-04-27T02:48:10.681-05:00  INFO 20788 --- [           main] .s.d.r.c.RepositoryConfigurationDelegate : Bootstrapping Spring Data JPA repositories in DEFAULT mode.
2024-04-27T02:48:10.755-05:00  INFO 20788 --- [           main] .s.d.r.c.RepositoryConfigurationDelegate : Finished Spring Data repository scanning in 66 ms. Found 3 JPA repository interfaces.
2024-04-27T02:48:11.753-05:00  INFO 20788 --- [           main] o.hibernate.jpa.internal.util.LogHelper  : HHH000204: Processing PersistenceUnitInfo [name: default]
2024-04-27T02:48:11.832-05:00  INFO 20788 --- [           main] org.hibernate.Version                    : HHH000412: Hibernate ORM core version 6.2.13.Final
2024-04-27T02:48:11.836-05:00  INFO 20788 --- [           main] org.hibernate.cfg.Environment            : HHH000406: Using bytecode reflection optimizer
2024-04-27T02:48:12.072-05:00  INFO 20788 --- [           main] o.s.o.j.p.SpringPersistenceUnitInfo      : No LoadTimeWeaver setup: ignoring JPA class transformer
2024-04-27T02:48:12.107-05:00  INFO 20788 --- [           main] com.zaxxer.hikari.HikariDataSource       : HikariPool-1 - Starting...
2024-04-27T02:48:13.405-05:00  INFO 20788 --- [           main] com.zaxxer.hikari.pool.HikariPool        : HikariPool-1 - Added connection com.mysql.cj.jdbc.ConnectionImpl@2c846d55
2024-04-27T02:48:13.408-05:00  INFO 20788 --- [           main] com.zaxxer.hikari.HikariDataSource       : HikariPool-1 - Start completed.
2024-04-27T02:48:13.554-05:00  WARN 20788 --- [           main] org.hibernate.dialect.Dialect            : HHH000511: The 8.0.0 version for [org.hibernate.dialect.SQLServerDialect] is no longer supported, hence certain features may not work properly. The minimum supported version is 10.0.0. Check the community dialects project for available legacy versions.
2024-04-27T02:48:13.559-05:00  WARN 20788 --- [           main] org.hibernate.orm.deprecation            : HHH90000025: SQLServerDialect does not need to be specified explicitly using 'hibernate.dialect' (remove the property setting and it will be selected by default)
2024-04-27T02:48:14.313-05:00  INFO 20788 --- [           main] o.h.e.t.j.p.i.JtaPlatformInitiator       : HHH000489: No JTA platform available (set 'hibernate.transaction.jta.platform' to enable JTA platform integration)
2024-04-27T02:48:14.316-05:00  INFO 20788 --- [           main] j.LocalContainerEntityManagerFactoryBean : Initialized JPA EntityManagerFactory for persistence unit 'default'
2024-04-27T02:48:14.783-05:00  WARN 20788 --- [           main] JpaBaseConfiguration$JpaWebConfiguration : spring.jpa.open-in-view is enabled by default. Therefore, database queries may be performed during view rendering. Explicitly configure spring.jpa.open-in-view to disable this warning
2024-04-27T02:48:14.877-05:00  INFO 20788 --- [           main] o.s.s.web.DefaultSecurityFilterChain     : Will secure any request with [org.springframework.security.web.session.DisableEncodeUrlFilter@1e1f467f, org.springframework.security.web.context.request.async.WebAsyncManagerIntegrationFilter@22dddb13, org.springframework.security.web.context.SecurityContextHolderFilter@3796ff4, org.springframework.security.web.header.HeaderWriterFilter@5f72aaed, org.springframework.security.web.authentication.logout.LogoutFilter@33c91567, food.config.jwt.JwtTokenFilter@50ba19df, org.springframework.security.web.savedrequest.RequestCacheAwareFilter@3df496d9, org.springframework.security.web.servletapi.SecurityContextHolderAwareRequestFilter@1c65740a, org.springframework.security.web.authentication.AnonymousAuthenticationFilter@3d268a2c, org.springframework.security.web.session.SessionManagementFilter@4922dc84, org.springframework.security.web.access.ExceptionTranslationFilter@69c7fe78, org.springframework.security.web.access.intercept.AuthorizationFilter@78b888df]
2024-04-27T02:48:15.359-05:00  INFO 20788 --- [           main] food.MenuOnlineApplicationTests          : Started MenuOnlineApplicationTests in 5.71 seconds (process running for 7.77)
]]></system-out>
  </testcase>
</testsuite>